<?xml version="1.0" encoding="UTF-8"?>
<!-- Generated by org.testng.reporters.JUnitReportReporter -->
<testsuite hostname="SISTE375" failures="0" tests="1" name="com.herokuapp.restfullbooker.HealthCheckTest" time="1.486" errors="0" timestamp="2022-09-15T08:21:38 COT" skipped="0">
  <testcase classname="com.herokuapp.restfullbooker.HealthCheckTest" name="healthCheckTest" time="1.486"/>
  <system-out/>
</testsuite> <!-- com.herokuapp.restfullbooker.HealthCheckTest -->
